* using log directory ‘/mnt/c/Users/Travers/Google Drive/msgpack2R/..Rcheck’
* using R version 3.4.1 (2017-06-30)
* using platform: x86_64-pc-linux-gnu (64-bit)
* using session charset: UTF-8
* using option ‘--as-cran’
* checking for file ‘./DESCRIPTION’ ... OK
* checking extension type ... Package
* this is package ‘msgpack2R’ version ‘0.1’
* checking CRAN incoming feasibility ... NOTE
Maintainer: ‘Travers Ching <traversc@gmail.com>’

New submission

The build time stamp is missing.
* checking package namespace information ... OK
* checking package dependencies ... NOTE
Package in Depends/Imports which should probably only be in LinkingTo: ‘BH’
* checking if this is a source package ... OK
* checking if there is a namespace ... OK
* checking for executable files ... OK
* checking for hidden files and directories ... NOTE
Found the following hidden files and directories:
  .gitignore
  inst/.DS_Store
  src/.DS_Store
  ..Rcheck
  .git
These were most likely included in error. See section ‘Package
structure’ in the ‘Writing R Extensions’ manual.

CRAN-pack does not know about
  inst/.DS_Store
  src/.DS_Store
  ..Rcheck
  .git
* checking for portable file names ... OK
* checking for sufficient/correct file permissions ... OK
* checking whether package ‘msgpack2R’ can be installed ... OK
* checking installed package size ... NOTE
  installed size is 11.8Mb
  sub-directories of 1Mb or more:
    include   6.2Mb
    libs      5.6Mb
* checking package directory ... OK
* checking DESCRIPTION meta-information ... NOTE
Checking should be performed on sources prepared by ‘R CMD build’.
* checking top-level files ... NOTE
Non-standard files/directories found at top level:
  ‘docs’ ‘examples’ ‘msgpack.org.md’ ‘msgpack2R_0.1.tar.gz’
  ‘rebuild.sh’
* checking for left-over files ... OK
* checking index information ... OK
* checking package subdirectories ... WARNING
Found the following directory with the name of a check directory:
  ./..Rcheck
Most likely, these were included erroneously.
Found the following directory with the name of a version control directory:
  ./.git
These should not be in a package tarball.
* checking R files for non-ASCII characters ... OK
* checking R files for syntax errors ... OK
* checking whether the package can be loaded ... OK
* checking whether the package can be loaded with stated dependencies ... OK
* checking whether the package can be unloaded cleanly ... OK
* checking whether the namespace can be loaded with stated dependencies ... OK
* checking whether the namespace can be unloaded cleanly ... OK
* checking loading without being on the library search path ... OK
* checking use of S3 registration ... OK
* checking dependencies in R code ... OK
* checking S3 generic/method consistency ... OK
* checking replacement functions ... OK
* checking foreign function calls ... OK
* checking R code for possible problems ... OK
* checking Rd files ... OK
* checking Rd metadata ... OK
* checking Rd line widths ... OK
* checking Rd cross-references ... OK
* checking for missing documentation entries ... OK
* checking for code/documentation mismatches ... OK
* checking Rd \usage sections ... OK
* checking Rd contents ... OK
* checking for unstated dependencies in examples ... OK
* checking line endings in C/C++/Fortran sources/headers ... WARNING
Found the following sources/headers with CR or CRLF line endings:
  src/c_pack.cpp
  src/c_unpack.cpp
Some Unix compilers require LF line endings.
* checking line endings in Makefiles ... NOTE
Found the following Makefile(s) without a final LF:
  src/Makevars
Some ‘make’ programs ignore lines not ending in LF.
* checking compilation flags in Makevars ... OK
* checking for GNU extensions in Makefiles ... OK
* checking for portable use of $(BLAS_LIBS) and $(LAPACK_LIBS) ... OK
* checking compiled code ... OK
* checking examples ... NONE
* checking PDF version of manual ... WARNING
LaTeX errors when creating PDF version.
This typically indicates Rd problems.
LaTeX errors found:
! LaTeX Error: File `inconsolata.sty' not found.

Type X to quit or <RETURN> to proceed,
or enter new name. (Default extension: sty)

! Emergency stop.
<read *> 
         
l.276 ^^M
         
!  ==> Fatal error occurred, no output PDF file produced!
* checking PDF version of manual without hyperrefs or index ... ERROR
Re-running with no redirection of stdout/stderr.
* checking for code which exercises the package ... WARNING
No examples, no tests, no vignettes
* DONE
Status: 1 ERROR, 4 WARNINGs, 7 NOTEs
